<?xml version="1.0" encoding="UTF-8"?>
<testsuite xmlns:xsi="http://www.w3.org/2001/XMLSchema-instance" xsi:schemaLocation="https://maven.apache.org/surefire/maven-surefire-plugin/xsd/surefire-test-report.xsd" name="com.trining.Runner.Runner" time="12.431" tests="0" errors="0" skipped="0" failures="0">
  <properties>
    <property name="JOB_NAME" value="Salesforce test cases"/>
    <property name="java.vendor" value="Oracle Corporation"/>
    <property name="PWD" value="/Users/kavithabharathiraja/Documents/Jenkins"/>
    <property name="sun.java.launcher" value="SUN_STANDARD"/>
    <property name="RUN_TESTS_DISPLAY_URL" value="http://localhost:8080/job/Salesforce%20test%20cases/5/display/redirect?page=tests"/>
    <property name="sun.management.compiler" value="HotSpot 64-Bit Tiered Compilers"/>
    <property name="JENKINS_HOME" value="/Users/kavithabharathiraja/.jenkins"/>
    <property name="PATH" value="/usr/local/bin:/System/Cryptexes/App/usr/bin:/usr/bin:/bin:/usr/sbin:/sbin"/>
    <property name="HUDSON_SERVER_COOKIE" value="09cd9221d53c6e29"/>
    <property name="POM_ARTIFACTID" value="CucumberBasic"/>
    <property name="os.name" value="Mac OS X"/>
    <property name="TERM_PROGRAM" value="Apple_Terminal"/>
    <property name="EXECUTOR_NUMBER" value="0"/>
    <property name="TERM_SESSION_ID" value="71217790-296C-4AD6-9697-DD02F668BF8F"/>
    <property name="java.vm.specification.vendor" value="Oracle Corporation"/>
    <property name="POM_DISPLAYNAME" value="CucumberBasic"/>
    <property name="NODE_LABELS" value="built-in"/>
    <property name="java.runtime.version" value="17.0.8+9-LTS-211"/>
    <property name="user.name" value="kavithabharathiraja"/>
    <property name="guice.disable.misplaced.annotation.check" value="true"/>
    <property name="LaunchInstanceID" value="6E7A0E4E-855F-43F2-9D87-621BC284652E"/>
    <property name="SECURITYSESSIONID" value="186b2"/>
    <property name="user.language" value="en"/>
    <property name="JOB_BASE_NAME" value="Salesforce test cases"/>
    <property name="RUN_CHANGES_DISPLAY_URL" value="http://localhost:8080/job/Salesforce%20test%20cases/5/display/redirect?page=changes"/>
    <property name="BUILD_DISPLAY_NAME" value="#5"/>
    <property name="TMPDIR" value="/var/folders/71/65f4sbtx1vs95kpxh2y0zw300000gn/T/"/>
    <property name="sun.boot.library.path" value="/Library/Java/JavaVirtualMachines/jdk-17.jdk/Contents/Home/lib"/>
    <property name="java.vm.compressedOopsMode" value="Zero based"/>
    <property name="java.version" value="17.0.8"/>
    <property name="XPC_FLAGS" value="0x0"/>
    <property name="user.timezone" value="America/Los_Angeles"/>
    <property name="sun.arch.data.model" value="64"/>
    <property name="NODE_NAME" value="built-in"/>
    <property name="TERM" value="xterm-256color"/>
    <property name="http.nonProxyHosts" value="local|*.local|169.254/16|*.169.254/16"/>
    <property name="BUILD_ID" value="5"/>
    <property name="sun.jnu.encoding" value="UTF-8"/>
    <property name="SHELL" value="/bin/zsh"/>
    <property name="file.separator" value="/"/>
    <property name="java.specification.name" value="Java Platform API Specification"/>
    <property name="maven.conf" value="/Users/kavithabharathiraja/Documents/maven/apache-maven-3.9.2/conf"/>
    <property name="java.class.version" value="61.0"/>
    <property name="org.slf4j.simpleLogger.defaultLogLevel" value="info"/>
    <property name="user.country" value="US"/>
    <property name="java.home" value="/Library/Java/JavaVirtualMachines/jdk-17.jdk/Contents/Home"/>
    <property name="java.vm.info" value="mixed mode, sharing"/>
    <property name="os.version" value="13.2.1"/>
    <property name="RUN_DISPLAY_URL" value="http://localhost:8080/job/Salesforce%20test%20cases/5/display/redirect"/>
    <property name="POM_VERSION" value="0.0.1-SNAPSHOT"/>
    <property name="sun.font.fontmanager" value="sun.font.CFontManager"/>
    <property name="path.separator" value=":"/>
    <property name="RUN_ARTIFACTS_DISPLAY_URL" value="http://localhost:8080/job/Salesforce%20test%20cases/5/display/redirect?page=artifacts"/>
    <property name="java.vm.version" value="17.0.8+9-LTS-211"/>
    <property name="JOB_DISPLAY_URL" value="http://localhost:8080/job/Salesforce%20test%20cases/display/redirect"/>
    <property name="SHLVL" value="1"/>
    <property name="_" value="/usr/bin/java"/>
    <property name="JAVA_HOME" value=""/>
    <property name="sun.io.unicode.encoding" value="UnicodeBig"/>
    <property name="LOGNAME" value="kavithabharathiraja"/>
    <property name="POM_PACKAGING" value="jar"/>
    <property name="socksNonProxyHosts" value="local|*.local|169.254/16|*.169.254/16"/>
    <property name="HOME" value="/Users/kavithabharathiraja"/>
    <property name="ftp.nonProxyHosts" value="local|*.local|169.254/16|*.169.254/16"/>
    <property name="POM_GROUPID" value="com.training.cucumber"/>
    <property name="user.home" value="/Users/kavithabharathiraja"/>
    <property name="BUILD_TAG" value="jenkins-Salesforce test cases-5"/>
    <property name="JENKINS_SERVER_COOKIE" value="09cd9221d53c6e29"/>
    <property name="XPC_SERVICE_NAME" value="0"/>
    <property name="HUDSON_URL" value="http://localhost:8080/"/>
    <property name="java.version.date" value="2023-07-18"/>
    <property name="java.specification.vendor" value="Oracle Corporation"/>
    <property name="CLASSPATH" value=""/>
    <property name="java.library.path" value="/Users/kavithabharathiraja/Library/Java/Extensions:/Library/Java/Extensions:/Network/Library/Java/Extensions:/System/Library/Java/Extensions:/usr/lib/java:."/>
    <property name="java.vendor.url" value="https://java.oracle.com/"/>
    <property name="java.vm.vendor" value="Oracle Corporation"/>
    <property name="java.runtime.name" value="Java(TM) SE Runtime Environment"/>
    <property name="maven.home" value="/Users/kavithabharathiraja/Documents/maven/apache-maven-3.9.2"/>
    <property name="sun.java.command" value="jenkins.maven3.agent.Maven35Main /Users/kavithabharathiraja/Documents/maven/apache-maven-3.9.2/ /Users/kavithabharathiraja/.jenkins/war/WEB-INF/lib/remoting-3131.vf2b_b_798b_ce99.jar /Users/kavithabharathiraja/.jenkins/plugins/maven-plugin/WEB-INF/lib/maven35-interceptor-1.14.jar /Users/kavithabharathiraja/.jenkins/plugins/maven-plugin/WEB-INF/lib/maven3-interceptor-commons-1.14.jar 62355"/>
    <property name="java.class.path" value="/Users/kavithabharathiraja/.jenkins/plugins/maven-plugin/WEB-INF/lib/maven35-agent-1.14.jar:/Users/kavithabharathiraja/Documents/maven/apache-maven-3.9.2/boot/plexus-classworlds-2.7.0.jar:/Users/kavithabharathiraja/Documents/maven/apache-maven-3.9.2/conf/logging"/>
    <property name="native.encoding" value="UTF-8"/>
    <property name="jdk.debug" value="release"/>
    <property name="java.vm.specification.name" value="Java Virtual Machine Specification"/>
    <property name="jansi.mode" value="strip"/>
    <property name="java.vm.specification.version" value="17"/>
    <property name="M2_HOME" value="/Users/kavithabharathiraja/Documents/maven/apache-maven-3.9.2/"/>
    <property name="sun.cpu.endian" value="little"/>
    <property name="CI" value="true"/>
    <property name="java.io.tmpdir" value="/var/folders/71/65f4sbtx1vs95kpxh2y0zw300000gn/T/"/>
    <property name="HUDSON_HOME" value="/Users/kavithabharathiraja/.jenkins"/>
    <property name="PATH+MAVEN" value="/Users/kavithabharathiraja/Documents/maven/apache-maven-3.9.2//bin"/>
    <property name="java.vendor.url.bug" value="https://bugreport.java.com/bugreport/"/>
    <property name="OLDPWD" value="/Users/kavithabharathiraja"/>
    <property name="BUILD_URL" value="http://localhost:8080/job/Salesforce%20test%20cases/5/"/>
    <property name="JAVA_MAIN_CLASS_34176" value="executable.Main"/>
    <property name="SSH_AUTH_SOCK" value="/private/tmp/com.apple.launchd.UAJHkuOqJC/Listeners"/>
    <property name="os.arch" value="aarch64"/>
    <property name="__CF_USER_TEXT_ENCODING" value="0x1F5:0x0:0x0"/>
    <property name="user.dir" value="/Users/kavithabharathiraja/eclipse-workspace/CucumberBasic"/>
    <property name="JOB_URL" value="http://localhost:8080/job/Salesforce%20test%20cases/"/>
    <property name="MAVEN_HOME" value="/Users/kavithabharathiraja/Documents/maven/apache-maven-3.9.2/"/>
    <property name="line.separator" value="&#10;"/>
    <property name="java.vm.name" value="Java HotSpot(TM) 64-Bit Server VM"/>
    <property name="BUILD_NUMBER" value="5"/>
    <property name="TERM_PROGRAM_VERSION" value="447"/>
    <property name="JENKINS_URL" value="http://localhost:8080/"/>
    <property name="__CFBundleIdentifier" value="com.apple.Terminal"/>
    <property name="LANG" value="en_US.UTF-8"/>
    <property name="file.encoding" value="UTF-8"/>
    <property name="maven3.interceptor" value="/Users/kavithabharathiraja/.jenkins/plugins/maven-plugin/WEB-INF/lib/maven35-interceptor-1.14.jar"/>
    <property name="WORKSPACE_TMP" value="/Users/kavithabharathiraja/.jenkins/workspace/Salesforce test cases@tmp"/>
    <property name="WORKSPACE" value="/Users/kavithabharathiraja/.jenkins/workspace/Salesforce test cases"/>
    <property name="maven3.interceptor.common" value="/Users/kavithabharathiraja/.jenkins/plugins/maven-plugin/WEB-INF/lib/maven3-interceptor-commons-1.14.jar"/>
    <property name="java.specification.version" value="17"/>
    <property name="USER" value="kavithabharathiraja"/>
  </properties>
</testsuite>